<?xml version="1.0" encoding="UTF-8"?>
<!-- Generated by org.testng.reporters.JUnitReportReporter -->
<testsuite hostname="DESKTOP-E9VMU85" failures="0" tests="8" name="home.epam.tc.hw1.bo.CalculatorIsPositiveNegativeTest" time="0.006" errors="0" timestamp="2021-10-16T02:00:47 MSK" skipped="0">
  <testcase classname="home.epam.tc.hw1.bo.CalculatorIsPositiveNegativeTest" name="isPositiveTest" time="0.000"/>
  <system-out/>
  <testcase classname="home.epam.tc.hw1.bo.CalculatorIsPositiveNegativeTest" name="isNegativeDoubleTest" time="0.001"/>
  <system-out/>
  <testcase classname="home.epam.tc.hw1.bo.CalculatorIsPositiveNegativeTest" name="isNegativeDoubleTest" time="0.001"/>
  <system-out/>
  <testcase classname="home.epam.tc.hw1.bo.CalculatorIsPositiveNegativeTest" name="isPositiveTest" time="0.001"/>
  <system-out/>
  <testcase classname="home.epam.tc.hw1.bo.CalculatorIsPositiveNegativeTest" name="isNegativeDoubleTest" time="0.001"/>
  <system-out/>
  <testcase classname="home.epam.tc.hw1.bo.CalculatorIsPositiveNegativeTest" name="isPositiveTest" time="0.001"/>
  <system-out/>
  <testcase classname="home.epam.tc.hw1.bo.CalculatorIsPositiveNegativeTest" name="isNegativeDoubleTest" time="0.001"/>
  <system-out/>
  <testcase classname="home.epam.tc.hw1.bo.CalculatorIsPositiveNegativeTest" name="isPositiveTest" time="0.000"/>
  <system-out/>
</testsuite> <!-- home.epam.tc.hw1.bo.CalculatorIsPositiveNegativeTest -->
