<?xml version="1.0" encoding="UTF-8"?>
<!-- Generated by org.testng.reporters.JUnitReportReporter -->
<testsuite hostname="DESKTOP-E9VMU85" failures="0" tests="6" name="home.epam.tc.hw1.simple.CalculatorSumTest" time="0.016" errors="0" timestamp="2021-10-15T19:05:03 MSK" skipped="0">
  <testcase classname="home.epam.tc.hw1.simple.CalculatorSumTest" name="sumLongTest" time="0.000"/>
  <system-out/>
  <testcase classname="home.epam.tc.hw1.simple.CalculatorSumTest" name="sumDoubleTest" time="0.000"/>
  <system-out/>
  <testcase classname="home.epam.tc.hw1.simple.CalculatorSumTest" name="sumDoubleTest" time="0.000"/>
  <system-out/>
  <testcase classname="home.epam.tc.hw1.simple.CalculatorSumTest" name="sumLongTest" time="0.008"/>
  <system-out/>
  <testcase classname="home.epam.tc.hw1.simple.CalculatorSumTest" name="sumDoubleTest" time="0.000"/>
  <system-out/>
  <testcase classname="home.epam.tc.hw1.simple.CalculatorSumTest" name="sumLongTest" time="0.008"/>
  <system-out/>
</testsuite> <!-- home.epam.tc.hw1.simple.CalculatorSumTest -->
