<?xml version="1.0" encoding="UTF-8"?>
<!-- Generated by org.testng.reporters.JUnitReportReporter -->
<testsuite hostname="DESKTOP-E9VMU85" failures="0" tests="6" name="home.epam.tc.hw1.simple.CalculatorMultTest" time="0.169" errors="0" timestamp="2021-10-17T16:47:06 MSK" skipped="0">
  <testcase classname="home.epam.tc.hw1.simple.CalculatorMultTest" name="multDoubleTest" time="0.153"/>
  <system-out/>
  <testcase classname="home.epam.tc.hw1.simple.CalculatorMultTest" name="multLongTest" time="0.000"/>
  <system-out/>
  <testcase classname="home.epam.tc.hw1.simple.CalculatorMultTest" name="multLongTest" time="0.001"/>
  <system-out/>
  <testcase classname="home.epam.tc.hw1.simple.CalculatorMultTest" name="multDoubleTest" time="0.010"/>
  <system-out/>
  <testcase classname="home.epam.tc.hw1.simple.CalculatorMultTest" name="multDoubleTest" time="0.002"/>
  <system-out/>
  <testcase classname="home.epam.tc.hw1.simple.CalculatorMultTest" name="multLongTest" time="0.003"/>
  <system-out/>
</testsuite> <!-- home.epam.tc.hw1.simple.CalculatorMultTest -->
