<?xml version="1.0" encoding="UTF-8"?>
<!-- Generated by org.testng.reporters.JUnitReportReporter -->
<testsuite hostname="DESKTOP-E9VMU85" failures="0" tests="3" name="home.epam.tc.hw1.complex.CalculatorSqrtTest" time="0.000" errors="0" timestamp="2021-10-15T19:05:03 MSK" skipped="0">
  <testcase classname="home.epam.tc.hw1.complex.CalculatorSqrtTest" name="sqrtDoubleTest" time="0.000"/>
  <system-out/>
  <testcase classname="home.epam.tc.hw1.complex.CalculatorSqrtTest" name="sqrtDoubleTest" time="0.000"/>
  <system-out/>
  <testcase classname="home.epam.tc.hw1.complex.CalculatorSqrtTest" name="sqrtDoubleTest" time="0.000"/>
  <system-out/>
</testsuite> <!-- home.epam.tc.hw1.complex.CalculatorSqrtTest -->
