<?xml version="1.0" encoding="UTF-8"?>
<!-- Generated by org.testng.reporters.JUnitReportReporter -->
<testsuite hostname="DESKTOP-E9VMU85" failures="0" tests="6" name="home.epam.tc.hw1.simple.CalculatorMultTest" time="0.096" errors="0" timestamp="2021-10-15T19:05:23 MSK" skipped="0">
  <testcase classname="home.epam.tc.hw1.simple.CalculatorMultTest" name="multDoubleTest" time="0.096"/>
  <system-out/>
  <testcase classname="home.epam.tc.hw1.simple.CalculatorMultTest" name="multLongTest" time="0.000"/>
  <system-out/>
  <testcase classname="home.epam.tc.hw1.simple.CalculatorMultTest" name="multLongTest" time="0.000"/>
  <system-out/>
  <testcase classname="home.epam.tc.hw1.simple.CalculatorMultTest" name="multDoubleTest" time="0.000"/>
  <system-out/>
  <testcase classname="home.epam.tc.hw1.simple.CalculatorMultTest" name="multDoubleTest" time="0.000"/>
  <system-out/>
  <testcase classname="home.epam.tc.hw1.simple.CalculatorMultTest" name="multLongTest" time="0.000"/>
  <system-out/>
</testsuite> <!-- home.epam.tc.hw1.simple.CalculatorMultTest -->
